<?xml version="1.0" encoding="utf-8"?><testsuites name="pytest tests"><testsuite name="pytest" errors="0" failures="1" skipped="0" tests="10" time="4.903" timestamp="2026-02-19T15:26:25.043281+00:00" hostname="agent-env-ce1276c4-8070-4bae-a8ab-bc3adb69ce75"><testcase classname="test_backend_api.TestAuthEndpoints" name="test_login_success" time="0.445" /><testcase classname="test_backend_api.TestAuthEndpoints" name="test_login_invalid_credentials" time="0.130" /><testcase classname="test_backend_api.TestAgentEndpoints" name="test_list_agents" time="0.491" /><testcase classname="test_backend_api.TestAgentEndpoints" name="test_install_script_generation" time="0.123" /><testcase classname="test_backend_api.TestDashboardEndpoints" name="test_dashboard_stats" time="0.584" /><testcase classname="test_backend_api.TestScanEndpoints" name="test_list_scans" time="0.537" /><testcase classname="test_backend_api.TestScanEndpoints" name="test_scan_detail" time="0.645" /><testcase classname="test_backend_api.TestScanEndpoints" name="test_scan_vulnerabilities" time="0.626" /><testcase classname="test_backend_api.TestVulnerabilityModel" name="test_vulnerability_response_model" time="0.625" /><testcase classname="test_backend_api.TestCVEEndpoints" name="test_cve_status" time="0.562"><failure message="assert 404 == 200&#10; +  where 404 = &lt;Response [404]&gt;.status_code">test_backend_api.py:268: in test_cve_status
    assert response.status_code == 200
E   assert 404 == 200
E    +  where 404 = &lt;Response [404]&gt;.status_code</failure></testcase></testsuite></testsuites>