<?xml version="1.0" encoding="utf-8"?><testsuites name="pytest tests"><testsuite name="pytest" errors="0" failures="0" skipped="0" tests="11" time="3.550" timestamp="2026-02-16T13:38:54.837235+00:00" hostname="agent-env-2bd8b200-c75c-4fa0-89d1-6c8487aa2ca7"><testcase classname="tests.test_scan_iterations.TestAuthentication" name="test_admin_login" time="0.441" /><testcase classname="tests.test_scan_iterations.TestScanIterations" name="test_get_scan_with_iterations" time="0.639" /><testcase classname="tests.test_scan_iterations.TestScanIterations" name="test_get_scan_history_endpoint" time="0.226" /><testcase classname="tests.test_scan_iterations.TestScanIterations" name="test_get_vulnerabilities_by_iteration" time="0.390" /><testcase classname="tests.test_scan_iterations.TestScanIterations" name="test_rescan_endpoint" time="0.217" /><testcase classname="tests.test_scan_iterations.TestThemedReports" name="test_report_endpoint_with_dark_theme" time="0.282" /><testcase classname="tests.test_scan_iterations.TestThemedReports" name="test_report_endpoint_with_light_theme" time="0.297" /><testcase classname="tests.test_scan_iterations.TestThemedReports" name="test_report_with_iteration_parameter" time="0.183" /><testcase classname="tests.test_scan_iterations.TestThemedReports" name="test_download_report_endpoint" time="0.485" /><testcase classname="tests.test_scan_iterations.TestHealthAndBasicEndpoints" name="test_health_check" time="0.155" /><testcase classname="tests.test_scan_iterations.TestHealthAndBasicEndpoints" name="test_scans_list" time="0.120" /></testsuite></testsuites>